# JRE version: 7.0_05-b06
# Java VM: Java HotSpot(TM) 64-Bit Server VM (23.1-b03 mixed mode bsd-amd64 compressed oops)
Heap
 PSYoungGen      total 382272K, used 352006K [0x00000007e5560000, 0x0000000800000000, 0x0000000800000000)
  eden space 327680K, 100% used [0x00000007e5560000,0x00000007f9560000,0x00000007f9560000)
  from space 54592K, 44% used [0x00000007fcab0000,0x00000007fe2718e8,0x0000000800000000)
  to   space 54592K, 51% used [0x00000007f9560000,0x00000007fb094b48,0x00000007fcab0000)
 ParOldGen       total 873856K, used 160K [0x00000007b0000000, 0x00000007e5560000, 0x00000007e5560000)
  object space 873856K, 0% used [0x00000007b0000000,0x00000007b0028020,0x00000007e5560000)
 PSPermGen       total 39680K, used 39587K [0x00000007aae00000, 0x00000007ad4c0000, 0x00000007b0000000)
  object space 39680K, 99% used [0x00000007aae00000,0x00000007ad4a8f78,0x00000007ad4c0000)
GC Heap History (5 events):
Event: 6.843 GC heap before
{Heap before GC invocations=1 (full 0):
 PSYoungGen      total 382272K, used 327680K [0x00000007e5560000, 0x0000000800000000, 0x0000000800000000)
  eden space 327680K, 100% used [0x00000007e5560000,0x00000007f9560000,0x00000007f9560000)
  from space 54592K, 0% used [0x00000007fcab0000,0x00000007fcab0000,0x0000000800000000)
  to   space 54592K, 0% used [0x00000007f9560000,0x00000007f9560000,0x00000007fcab0000)
 ParOldGen       total 873856K, used 0K [0x00000007b0000000, 0x00000007e5560000, 0x00000007e5560000)
  object space 873856K, 0% used [0x00000007b0000000,0x00000007b0000000,0x00000007e5560000)
 PSPermGen       total 21248K, used 18299K [0x00000007aae00000, 0x00000007ac2c0000, 0x00000007b0000000)
  object space 21248K, 86% used [0x00000007aae00000,0x00000007abfded28,0x00000007ac2c0000)
Event: 6.892 GC heap after
Heap after GC invocations=1 (full 0):
 PSYoungGen      total 382272K, used 22262K [0x00000007e5560000, 0x0000000800000000, 0x0000000800000000)
  eden space 327680K, 0% used [0x00000007e5560000,0x00000007e5560000,0x00000007f9560000)
  from space 54592K, 40% used [0x00000007f9560000,0x00000007fab1daa0,0x00000007fcab0000)
  to   space 54592K, 0% used [0x00000007fcab0000,0x00000007fcab0000,0x0000000800000000)
 ParOldGen       total 873856K, used 16K [0x00000007b0000000, 0x00000007e5560000, 0x00000007e5560000)
  object space 873856K, 0% used [0x00000007b0000000,0x00000007b0004000,0x00000007e5560000)
 PSPermGen       total 21248K, used 18299K [0x00000007aae00000, 0x00000007ac2c0000, 0x00000007b0000000)
  object space 21248K, 86% used [0x00000007aae00000,0x00000007abfded28,0x00000007ac2c0000)
}
Event: 12.469 GC heap before
{Heap before GC invocations=2 (full 0):
 PSYoungGen      total 382272K, used 349942K [0x00000007e5560000, 0x0000000800000000, 0x0000000800000000)
  eden space 327680K, 100% used [0x00000007e5560000,0x00000007f9560000,0x00000007f9560000)
  from space 54592K, 40% used [0x00000007f9560000,0x00000007fab1daa0,0x00000007fcab0000)
  to   space 54592K, 0% used [0x00000007fcab0000,0x00000007fcab0000,0x0000000800000000)
 ParOldGen       total 873856K, used 16K [0x00000007b0000000, 0x00000007e5560000, 0x00000007e5560000)
  object space 873856K, 0% used [0x00000007b0000000,0x00000007b0004000,0x00000007e5560000)
 PSPermGen       total 24128K, used 24105K [0x00000007aae00000, 0x00000007ac590000, 0x00000007b0000000)
  object space 24128K, 99% used [0x00000007aae00000,0x00000007ac58a5f8,0x00000007ac590000)
Event: 12.526 GC heap after
Heap after GC invocations=2 (full 0):
 PSYoungGen      total 382272K, used 24326K [0x00000007e5560000, 0x0000000800000000, 0x0000000800000000)
  eden space 327680K, 0% used [0x00000007e5560000,0x00000007e5560000,0x00000007f9560000)
  from space 54592K, 44% used [0x00000007fcab0000,0x00000007fe2718e8,0x0000000800000000)
  to   space 54592K, 0% used [0x00000007f9560000,0x00000007f9560000,0x00000007fcab0000)
 ParOldGen       total 873856K, used 88K [0x00000007b0000000, 0x00000007e5560000, 0x00000007e5560000)
  object space 873856K, 0% used [0x00000007b0000000,0x00000007b0016010,0x00000007e5560000)
 PSPermGen       total 24128K, used 24105K [0x00000007aae00000, 0x00000007ac590000, 0x00000007b0000000)
  object space 24128K, 99% used [0x00000007aae00000,0x00000007ac58a5f8,0x00000007ac590000)
}
Event: 20.489 GC heap before
{Heap before GC invocations=3 (full 0):
 PSYoungGen      total 382272K, used 352006K [0x00000007e5560000, 0x0000000800000000, 0x0000000800000000)
  eden space 327680K, 100% used [0x00000007e5560000,0x00000007f9560000,0x00000007f9560000)
  from space 54592K, 44% used [0x00000007fcab0000,0x00000007fe2718e8,0x0000000800000000)
  to   space 54592K, 0% used [0x00000007f9560000,0x00000007f9560000,0x00000007fcab0000)
 ParOldGen       total 873856K, used 88K [0x00000007b0000000, 0x00000007e5560000, 0x00000007e5560000)
  object space 873856K, 0% used [0x00000007b0000000,0x00000007b0016010,0x00000007e5560000)
 PSPermGen       total 39680K, used 39587K [0x00000007aae00000, 0x00000007ad4c0000, 0x00000007b0000000)
  object space 39680K, 99% used [0x00000007aae00000,0x00000007ad4a8f78,0x00000007ad4c0000)

